  [1m[36m (150.1ms)[0m  [1mCREATE TABLE `schema_migrations` (`version` varchar(255) NOT NULL) ENGINE=InnoDB[0m
  [1m[35m (288.2ms)[0m  CREATE UNIQUE INDEX `unique_schema_migrations` ON `schema_migrations` (`version`) 
  [1m[36mActiveRecord::SchemaMigration Load (0.4ms)[0m  [1mSELECT `schema_migrations`.* FROM `schema_migrations`[0m
Migrating to CreatePosts (20131001203436)
  [1m[35m (128.6ms)[0m  CREATE TABLE `posts` (`id` int(11) DEFAULT NULL auto_increment PRIMARY KEY, `url` varchar(255), `title` varchar(255), `votes` int(11) DEFAULT 0, `created_at` datetime, `updated_at` datetime) ENGINE=InnoDB
  [1m[36m (0.2ms)[0m  [1mBEGIN[0m
  [1m[35mSQL (16.2ms)[0m  INSERT INTO `schema_migrations` (`version`) VALUES ('20131001203436')
  [1m[36m (47.0ms)[0m  [1mCOMMIT[0m
Migrating to DeviseCreateUsers (20131001203618)
  [1m[35m (122.3ms)[0m  CREATE TABLE `users` (`id` int(11) DEFAULT NULL auto_increment PRIMARY KEY, `email` varchar(255) DEFAULT '' NOT NULL, `encrypted_password` varchar(255) DEFAULT '' NOT NULL, `reset_password_token` varchar(255), `reset_password_sent_at` datetime, `remember_created_at` datetime, `sign_in_count` int(11) DEFAULT 0 NOT NULL, `current_sign_in_at` datetime, `last_sign_in_at` datetime, `current_sign_in_ip` varchar(255), `last_sign_in_ip` varchar(255), `created_at` datetime, `updated_at` datetime) ENGINE=InnoDB
  [1m[36m (199.4ms)[0m  [1mCREATE UNIQUE INDEX `index_users_on_email` ON `users` (`email`) [0m
  [1m[35m (200.0ms)[0m  CREATE UNIQUE INDEX `index_users_on_reset_password_token` ON `users` (`reset_password_token`) 
  [1m[36m (0.2ms)[0m  [1mBEGIN[0m
  [1m[35mSQL (0.3ms)[0m  INSERT INTO `schema_migrations` (`version`) VALUES ('20131001203618')
  [1m[36m (52.8ms)[0m  [1mCOMMIT[0m
  [1m[35mActiveRecord::SchemaMigration Load (0.3ms)[0m  SELECT `schema_migrations`.* FROM `schema_migrations`


Started GET "/" for 127.0.0.1 at 2013-10-10 10:49:32 +0530
  [1m[36mActiveRecord::SchemaMigration Load (0.1ms)[0m  [1mSELECT `schema_migrations`.* FROM `schema_migrations`[0m
Processing by Rails::WelcomeController#index as HTML
  Rendered /home/anirudh/.rvm/gems/ruby-1.9.3-p448/gems/railties-4.0.0/lib/rails/templates/rails/welcome/index.html.erb (2.5ms)
Completed 200 OK in 48ms (Views: 26.8ms | ActiveRecord: 0.0ms)


Started GET "/upvote" for 127.0.0.1 at 2013-10-10 10:53:00 +0530

ArgumentError (missing :action):
  config/routes.rb:5:in `block (2 levels) in <top (required)>'
  config/routes.rb:3:in `block in <top (required)>'
  config/routes.rb:1:in `<top (required)>'


  Rendered /home/anirudh/.rvm/gems/ruby-1.9.3-p448/gems/actionpack-4.0.0/lib/action_dispatch/middleware/templates/rescues/_source.erb (0.8ms)
  Rendered /home/anirudh/.rvm/gems/ruby-1.9.3-p448/gems/actionpack-4.0.0/lib/action_dispatch/middleware/templates/rescues/_trace.erb (1.1ms)
  Rendered /home/anirudh/.rvm/gems/ruby-1.9.3-p448/gems/actionpack-4.0.0/lib/action_dispatch/middleware/templates/rescues/_request_and_response.erb (0.9ms)
  Rendered /home/anirudh/.rvm/gems/ruby-1.9.3-p448/gems/actionpack-4.0.0/lib/action_dispatch/middleware/templates/rescues/diagnostics.erb within rescues/layout (13.7ms)


Started GET "/upvote" for 127.0.0.1 at 2013-10-10 10:53:50 +0530

ActionController::RoutingError (No route matches [GET] "/upvote"):
  actionpack (4.0.0) lib/action_dispatch/middleware/debug_exceptions.rb:21:in `call'
  actionpack (4.0.0) lib/action_dispatch/middleware/show_exceptions.rb:30:in `call'
  railties (4.0.0) lib/rails/rack/logger.rb:38:in `call_app'
  railties (4.0.0) lib/rails/rack/logger.rb:21:in `block in call'
  activesupport (4.0.0) lib/active_support/tagged_logging.rb:67:in `block in tagged'
  activesupport (4.0.0) lib/active_support/tagged_logging.rb:25:in `tagged'
  activesupport (4.0.0) lib/active_support/tagged_logging.rb:67:in `tagged'
  railties (4.0.0) lib/rails/rack/logger.rb:21:in `call'
  actionpack (4.0.0) lib/action_dispatch/middleware/request_id.rb:21:in `call'
  rack (1.5.2) lib/rack/methodoverride.rb:21:in `call'
  rack (1.5.2) lib/rack/runtime.rb:17:in `call'
  activesupport (4.0.0) lib/active_support/cache/strategy/local_cache.rb:83:in `call'
  rack (1.5.2) lib/rack/lock.rb:17:in `call'
  actionpack (4.0.0) lib/action_dispatch/middleware/static.rb:64:in `call'
  railties (4.0.0) lib/rails/engine.rb:511:in `call'
  railties (4.0.0) lib/rails/application.rb:97:in `call'
  rack (1.5.2) lib/rack/lock.rb:17:in `call'
  rack (1.5.2) lib/rack/content_length.rb:14:in `call'
  rack (1.5.2) lib/rack/handler/webrick.rb:60:in `service'
  /home/anirudh/.rvm/rubies/ruby-1.9.3-p448/lib/ruby/1.9.1/webrick/httpserver.rb:138:in `service'
  /home/anirudh/.rvm/rubies/ruby-1.9.3-p448/lib/ruby/1.9.1/webrick/httpserver.rb:94:in `run'
  /home/anirudh/.rvm/rubies/ruby-1.9.3-p448/lib/ruby/1.9.1/webrick/server.rb:191:in `block in start_thread'


  Rendered /home/anirudh/.rvm/gems/ruby-1.9.3-p448/gems/actionpack-4.0.0/lib/action_dispatch/middleware/templates/rescues/_trace.erb (1.0ms)
  Rendered /home/anirudh/.rvm/gems/ruby-1.9.3-p448/gems/actionpack-4.0.0/lib/action_dispatch/middleware/templates/routes/_route.html.erb (4.2ms)
  Rendered /home/anirudh/.rvm/gems/ruby-1.9.3-p448/gems/actionpack-4.0.0/lib/action_dispatch/middleware/templates/routes/_table.html.erb (6.3ms)
  Rendered /home/anirudh/.rvm/gems/ruby-1.9.3-p448/gems/actionpack-4.0.0/lib/action_dispatch/middleware/templates/rescues/routing_error.erb within rescues/layout (55.2ms)


Started GET "/upvote" for 127.0.0.1 at 2013-10-10 10:56:15 +0530

ActionController::RoutingError (No route matches [GET] "/upvote"):
  actionpack (4.0.0) lib/action_dispatch/middleware/debug_exceptions.rb:21:in `call'
  actionpack (4.0.0) lib/action_dispatch/middleware/show_exceptions.rb:30:in `call'
  railties (4.0.0) lib/rails/rack/logger.rb:38:in `call_app'
  railties (4.0.0) lib/rails/rack/logger.rb:21:in `block in call'
  activesupport (4.0.0) lib/active_support/tagged_logging.rb:67:in `block in tagged'
  activesupport (4.0.0) lib/active_support/tagged_logging.rb:25:in `tagged'
  activesupport (4.0.0) lib/active_support/tagged_logging.rb:67:in `tagged'
  railties (4.0.0) lib/rails/rack/logger.rb:21:in `call'
  actionpack (4.0.0) lib/action_dispatch/middleware/request_id.rb:21:in `call'
  rack (1.5.2) lib/rack/methodoverride.rb:21:in `call'
  rack (1.5.2) lib/rack/runtime.rb:17:in `call'
  activesupport (4.0.0) lib/active_support/cache/strategy/local_cache.rb:83:in `call'
  rack (1.5.2) lib/rack/lock.rb:17:in `call'
  actionpack (4.0.0) lib/action_dispatch/middleware/static.rb:64:in `call'
  railties (4.0.0) lib/rails/engine.rb:511:in `call'
  railties (4.0.0) lib/rails/application.rb:97:in `call'
  rack (1.5.2) lib/rack/lock.rb:17:in `call'
  rack (1.5.2) lib/rack/content_length.rb:14:in `call'
  rack (1.5.2) lib/rack/handler/webrick.rb:60:in `service'
  /home/anirudh/.rvm/rubies/ruby-1.9.3-p448/lib/ruby/1.9.1/webrick/httpserver.rb:138:in `service'
  /home/anirudh/.rvm/rubies/ruby-1.9.3-p448/lib/ruby/1.9.1/webrick/httpserver.rb:94:in `run'
  /home/anirudh/.rvm/rubies/ruby-1.9.3-p448/lib/ruby/1.9.1/webrick/server.rb:191:in `block in start_thread'


  Rendered /home/anirudh/.rvm/gems/ruby-1.9.3-p448/gems/actionpack-4.0.0/lib/action_dispatch/middleware/templates/rescues/_trace.erb (1.8ms)
  Rendered /home/anirudh/.rvm/gems/ruby-1.9.3-p448/gems/actionpack-4.0.0/lib/action_dispatch/middleware/templates/routes/_route.html.erb (4.0ms)
  Rendered /home/anirudh/.rvm/gems/ruby-1.9.3-p448/gems/actionpack-4.0.0/lib/action_dispatch/middleware/templates/routes/_table.html.erb (1.8ms)
  Rendered /home/anirudh/.rvm/gems/ruby-1.9.3-p448/gems/actionpack-4.0.0/lib/action_dispatch/middleware/templates/rescues/routing_error.erb within rescues/layout (73.9ms)


Started GET "/upvote" for 127.0.0.1 at 2013-10-10 10:56:18 +0530

ActionController::RoutingError (No route matches [GET] "/upvote"):
  actionpack (4.0.0) lib/action_dispatch/middleware/debug_exceptions.rb:21:in `call'
  actionpack (4.0.0) lib/action_dispatch/middleware/show_exceptions.rb:30:in `call'
  railties (4.0.0) lib/rails/rack/logger.rb:38:in `call_app'
  railties (4.0.0) lib/rails/rack/logger.rb:21:in `block in call'
  activesupport (4.0.0) lib/active_support/tagged_logging.rb:67:in `block in tagged'
  activesupport (4.0.0) lib/active_support/tagged_logging.rb:25:in `tagged'
  activesupport (4.0.0) lib/active_support/tagged_logging.rb:67:in `tagged'
  railties (4.0.0) lib/rails/rack/logger.rb:21:in `call'
  actionpack (4.0.0) lib/action_dispatch/middleware/request_id.rb:21:in `call'
  rack (1.5.2) lib/rack/methodoverride.rb:21:in `call'
  rack (1.5.2) lib/rack/runtime.rb:17:in `call'
  activesupport (4.0.0) lib/active_support/cache/strategy/local_cache.rb:83:in `call'
  rack (1.5.2) lib/rack/lock.rb:17:in `call'
  actionpack (4.0.0) lib/action_dispatch/middleware/static.rb:64:in `call'
  railties (4.0.0) lib/rails/engine.rb:511:in `call'
  railties (4.0.0) lib/rails/application.rb:97:in `call'
  rack (1.5.2) lib/rack/lock.rb:17:in `call'
  rack (1.5.2) lib/rack/content_length.rb:14:in `call'
  rack (1.5.2) lib/rack/handler/webrick.rb:60:in `service'
  /home/anirudh/.rvm/rubies/ruby-1.9.3-p448/lib/ruby/1.9.1/webrick/httpserver.rb:138:in `service'
  /home/anirudh/.rvm/rubies/ruby-1.9.3-p448/lib/ruby/1.9.1/webrick/httpserver.rb:94:in `run'
  /home/anirudh/.rvm/rubies/ruby-1.9.3-p448/lib/ruby/1.9.1/webrick/server.rb:191:in `block in start_thread'


  Rendered /home/anirudh/.rvm/gems/ruby-1.9.3-p448/gems/actionpack-4.0.0/lib/action_dispatch/middleware/templates/rescues/_trace.erb (2.7ms)
  Rendered /home/anirudh/.rvm/gems/ruby-1.9.3-p448/gems/actionpack-4.0.0/lib/action_dispatch/middleware/templates/routes/_route.html.erb (3.6ms)
  Rendered /home/anirudh/.rvm/gems/ruby-1.9.3-p448/gems/actionpack-4.0.0/lib/action_dispatch/middleware/templates/routes/_table.html.erb (1.6ms)
  Rendered /home/anirudh/.rvm/gems/ruby-1.9.3-p448/gems/actionpack-4.0.0/lib/action_dispatch/middleware/templates/rescues/routing_error.erb within rescues/layout (34.1ms)


Started GET "/" for 127.0.0.1 at 2013-10-10 11:00:06 +0530

AbstractController::ActionNotFound (The action 'home' could not be found for PostsController):
  actionpack (4.0.0) lib/abstract_controller/base.rb:131:in `process'
  actionpack (4.0.0) lib/abstract_controller/rendering.rb:44:in `process'
  actionpack (4.0.0) lib/action_controller/metal.rb:195:in `dispatch'
  actionpack (4.0.0) lib/action_controller/metal/rack_delegation.rb:13:in `dispatch'
  actionpack (4.0.0) lib/action_controller/metal.rb:231:in `block in action'
  actionpack (4.0.0) lib/action_dispatch/routing/route_set.rb:80:in `call'
  actionpack (4.0.0) lib/action_dispatch/routing/route_set.rb:80:in `dispatch'
  actionpack (4.0.0) lib/action_dispatch/routing/route_set.rb:48:in `call'
  actionpack (4.0.0) lib/action_dispatch/journey/router.rb:71:in `block in call'
  actionpack (4.0.0) lib/action_dispatch/journey/router.rb:59:in `each'
  actionpack (4.0.0) lib/action_dispatch/journey/router.rb:59:in `call'
  actionpack (4.0.0) lib/action_dispatch/routing/route_set.rb:655:in `call'
  warden (1.2.3) lib/warden/manager.rb:35:in `block in call'
  warden (1.2.3) lib/warden/manager.rb:34:in `catch'
  warden (1.2.3) lib/warden/manager.rb:34:in `call'
  rack (1.5.2) lib/rack/etag.rb:23:in `call'
  rack (1.5.2) lib/rack/conditionalget.rb:25:in `call'
  rack (1.5.2) lib/rack/head.rb:11:in `call'
  actionpack (4.0.0) lib/action_dispatch/middleware/params_parser.rb:27:in `call'
  actionpack (4.0.0) lib/action_dispatch/middleware/flash.rb:241:in `call'
  rack (1.5.2) lib/rack/session/abstract/id.rb:225:in `context'
  rack (1.5.2) lib/rack/session/abstract/id.rb:220:in `call'
  actionpack (4.0.0) lib/action_dispatch/middleware/cookies.rb:486:in `call'
  activerecord (4.0.0) lib/active_record/query_cache.rb:36:in `call'
  activerecord (4.0.0) lib/active_record/connection_adapters/abstract/connection_pool.rb:626:in `call'
  activerecord (4.0.0) lib/active_record/migration.rb:369:in `call'
  actionpack (4.0.0) lib/action_dispatch/middleware/callbacks.rb:29:in `block in call'
  activesupport (4.0.0) lib/active_support/callbacks.rb:373:in `_run__1347972409239686738__call__callbacks'
  activesupport (4.0.0) lib/active_support/callbacks.rb:80:in `run_callbacks'
  actionpack (4.0.0) lib/action_dispatch/middleware/callbacks.rb:27:in `call'
  actionpack (4.0.0) lib/action_dispatch/middleware/reloader.rb:64:in `call'
  actionpack (4.0.0) lib/action_dispatch/middleware/remote_ip.rb:76:in `call'
  actionpack (4.0.0) lib/action_dispatch/middleware/debug_exceptions.rb:17:in `call'
  actionpack (4.0.0) lib/action_dispatch/middleware/show_exceptions.rb:30:in `call'
  railties (4.0.0) lib/rails/rack/logger.rb:38:in `call_app'
  railties (4.0.0) lib/rails/rack/logger.rb:21:in `block in call'
  activesupport (4.0.0) lib/active_support/tagged_logging.rb:67:in `block in tagged'
  activesupport (4.0.0) lib/active_support/tagged_logging.rb:25:in `tagged'
  activesupport (4.0.0) lib/active_support/tagged_logging.rb:67:in `tagged'
  railties (4.0.0) lib/rails/rack/logger.rb:21:in `call'
  actionpack (4.0.0) lib/action_dispatch/middleware/request_id.rb:21:in `call'
  rack (1.5.2) lib/rack/methodoverride.rb:21:in `call'
  rack (1.5.2) lib/rack/runtime.rb:17:in `call'
  activesupport (4.0.0) lib/active_support/cache/strategy/local_cache.rb:83:in `call'
  rack (1.5.2) lib/rack/lock.rb:17:in `call'
  actionpack (4.0.0) lib/action_dispatch/middleware/static.rb:64:in `call'
  railties (4.0.0) lib/rails/engine.rb:511:in `call'
  railties (4.0.0) lib/rails/application.rb:97:in `call'
  rack (1.5.2) lib/rack/lock.rb:17:in `call'
  rack (1.5.2) lib/rack/content_length.rb:14:in `call'
  rack (1.5.2) lib/rack/handler/webrick.rb:60:in `service'
  /home/anirudh/.rvm/rubies/ruby-1.9.3-p448/lib/ruby/1.9.1/webrick/httpserver.rb:138:in `service'
  /home/anirudh/.rvm/rubies/ruby-1.9.3-p448/lib/ruby/1.9.1/webrick/httpserver.rb:94:in `run'
  /home/anirudh/.rvm/rubies/ruby-1.9.3-p448/lib/ruby/1.9.1/webrick/server.rb:191:in `block in start_thread'


  Rendered /home/anirudh/.rvm/gems/ruby-1.9.3-p448/gems/actionpack-4.0.0/lib/action_dispatch/middleware/templates/rescues/unknown_action.erb within rescues/layout (0.4ms)


Started GET "/" for 127.0.0.1 at 2013-10-10 11:00:10 +0530

AbstractController::ActionNotFound (The action 'home' could not be found for PostsController):
  actionpack (4.0.0) lib/abstract_controller/base.rb:131:in `process'
  actionpack (4.0.0) lib/abstract_controller/rendering.rb:44:in `process'
  actionpack (4.0.0) lib/action_controller/metal.rb:195:in `dispatch'
  actionpack (4.0.0) lib/action_controller/metal/rack_delegation.rb:13:in `dispatch'
  actionpack (4.0.0) lib/action_controller/metal.rb:231:in `block in action'
  actionpack (4.0.0) lib/action_dispatch/routing/route_set.rb:80:in `call'
  actionpack (4.0.0) lib/action_dispatch/routing/route_set.rb:80:in `dispatch'
  actionpack (4.0.0) lib/action_dispatch/routing/route_set.rb:48:in `call'
  actionpack (4.0.0) lib/action_dispatch/journey/router.rb:71:in `block in call'
  actionpack (4.0.0) lib/action_dispatch/journey/router.rb:59:in `each'
  actionpack (4.0.0) lib/action_dispatch/journey/router.rb:59:in `call'
  actionpack (4.0.0) lib/action_dispatch/routing/route_set.rb:655:in `call'
  warden (1.2.3) lib/warden/manager.rb:35:in `block in call'
  warden (1.2.3) lib/warden/manager.rb:34:in `catch'
  warden (1.2.3) lib/warden/manager.rb:34:in `call'
  rack (1.5.2) lib/rack/etag.rb:23:in `call'
  rack (1.5.2) lib/rack/conditionalget.rb:25:in `call'
  rack (1.5.2) lib/rack/head.rb:11:in `call'
  actionpack (4.0.0) lib/action_dispatch/middleware/params_parser.rb:27:in `call'
  actionpack (4.0.0) lib/action_dispatch/middleware/flash.rb:241:in `call'
  rack (1.5.2) lib/rack/session/abstract/id.rb:225:in `context'
  rack (1.5.2) lib/rack/session/abstract/id.rb:220:in `call'
  actionpack (4.0.0) lib/action_dispatch/middleware/cookies.rb:486:in `call'
  activerecord (4.0.0) lib/active_record/query_cache.rb:36:in `call'
  activerecord (4.0.0) lib/active_record/connection_adapters/abstract/connection_pool.rb:626:in `call'
  activerecord (4.0.0) lib/active_record/migration.rb:369:in `call'
  actionpack (4.0.0) lib/action_dispatch/middleware/callbacks.rb:29:in `block in call'
  activesupport (4.0.0) lib/active_support/callbacks.rb:373:in `_run__1347972409239686738__call__callbacks'
  activesupport (4.0.0) lib/active_support/callbacks.rb:80:in `run_callbacks'
  actionpack (4.0.0) lib/action_dispatch/middleware/callbacks.rb:27:in `call'
  actionpack (4.0.0) lib/action_dispatch/middleware/reloader.rb:64:in `call'
  actionpack (4.0.0) lib/action_dispatch/middleware/remote_ip.rb:76:in `call'
  actionpack (4.0.0) lib/action_dispatch/middleware/debug_exceptions.rb:17:in `call'
  actionpack (4.0.0) lib/action_dispatch/middleware/show_exceptions.rb:30:in `call'
  railties (4.0.0) lib/rails/rack/logger.rb:38:in `call_app'
  railties (4.0.0) lib/rails/rack/logger.rb:21:in `block in call'
  activesupport (4.0.0) lib/active_support/tagged_logging.rb:67:in `block in tagged'
  activesupport (4.0.0) lib/active_support/tagged_logging.rb:25:in `tagged'
  activesupport (4.0.0) lib/active_support/tagged_logging.rb:67:in `tagged'
  railties (4.0.0) lib/rails/rack/logger.rb:21:in `call'
  actionpack (4.0.0) lib/action_dispatch/middleware/request_id.rb:21:in `call'
  rack (1.5.2) lib/rack/methodoverride.rb:21:in `call'
  rack (1.5.2) lib/rack/runtime.rb:17:in `call'
  activesupport (4.0.0) lib/active_support/cache/strategy/local_cache.rb:83:in `call'
  rack (1.5.2) lib/rack/lock.rb:17:in `call'
  actionpack (4.0.0) lib/action_dispatch/middleware/static.rb:64:in `call'
  railties (4.0.0) lib/rails/engine.rb:511:in `call'
  railties (4.0.0) lib/rails/application.rb:97:in `call'
  rack (1.5.2) lib/rack/lock.rb:17:in `call'
  rack (1.5.2) lib/rack/content_length.rb:14:in `call'
  rack (1.5.2) lib/rack/handler/webrick.rb:60:in `service'
  /home/anirudh/.rvm/rubies/ruby-1.9.3-p448/lib/ruby/1.9.1/webrick/httpserver.rb:138:in `service'
  /home/anirudh/.rvm/rubies/ruby-1.9.3-p448/lib/ruby/1.9.1/webrick/httpserver.rb:94:in `run'
  /home/anirudh/.rvm/rubies/ruby-1.9.3-p448/lib/ruby/1.9.1/webrick/server.rb:191:in `block in start_thread'


  Rendered /home/anirudh/.rvm/gems/ruby-1.9.3-p448/gems/actionpack-4.0.0/lib/action_dispatch/middleware/templates/rescues/unknown_action.erb within rescues/layout (0.4ms)


Started GET "/" for 127.0.0.1 at 2013-10-10 11:00:56 +0530

ActionController::RoutingError (uninitialized constant Concerns::PostsController):
  activesupport (4.0.0) lib/active_support/inflector/methods.rb:241:in `const_get'
  activesupport (4.0.0) lib/active_support/inflector/methods.rb:241:in `block in constantize'
  activesupport (4.0.0) lib/active_support/inflector/methods.rb:224:in `each'
  activesupport (4.0.0) lib/active_support/inflector/methods.rb:224:in `inject'
  activesupport (4.0.0) lib/active_support/inflector/methods.rb:224:in `constantize'
  actionpack (4.0.0) lib/action_dispatch/routing/route_set.rb:76:in `controller_reference'
  actionpack (4.0.0) lib/action_dispatch/routing/route_set.rb:66:in `controller'
  actionpack (4.0.0) lib/action_dispatch/routing/route_set.rb:44:in `call'
  actionpack (4.0.0) lib/action_dispatch/journey/router.rb:71:in `block in call'
  actionpack (4.0.0) lib/action_dispatch/journey/router.rb:59:in `each'
  actionpack (4.0.0) lib/action_dispatch/journey/router.rb:59:in `call'
  actionpack (4.0.0) lib/action_dispatch/routing/route_set.rb:655:in `call'
  warden (1.2.3) lib/warden/manager.rb:35:in `block in call'
  warden (1.2.3) lib/warden/manager.rb:34:in `catch'
  warden (1.2.3) lib/warden/manager.rb:34:in `call'
  rack (1.5.2) lib/rack/etag.rb:23:in `call'
  rack (1.5.2) lib/rack/conditionalget.rb:25:in `call'
  rack (1.5.2) lib/rack/head.rb:11:in `call'
  actionpack (4.0.0) lib/action_dispatch/middleware/params_parser.rb:27:in `call'
  actionpack (4.0.0) lib/action_dispatch/middleware/flash.rb:241:in `call'
  rack (1.5.2) lib/rack/session/abstract/id.rb:225:in `context'
  rack (1.5.2) lib/rack/session/abstract/id.rb:220:in `call'
  actionpack (4.0.0) lib/action_dispatch/middleware/cookies.rb:486:in `call'
  activerecord (4.0.0) lib/active_record/query_cache.rb:36:in `call'
  activerecord (4.0.0) lib/active_record/connection_adapters/abstract/connection_pool.rb:626:in `call'
  activerecord (4.0.0) lib/active_record/migration.rb:369:in `call'
  actionpack (4.0.0) lib/action_dispatch/middleware/callbacks.rb:29:in `block in call'
  activesupport (4.0.0) lib/active_support/callbacks.rb:373:in `_run__1347972409239686738__call__callbacks'
  activesupport (4.0.0) lib/active_support/callbacks.rb:80:in `run_callbacks'
  actionpack (4.0.0) lib/action_dispatch/middleware/callbacks.rb:27:in `call'
  actionpack (4.0.0) lib/action_dispatch/middleware/reloader.rb:64:in `call'
  actionpack (4.0.0) lib/action_dispatch/middleware/remote_ip.rb:76:in `call'
  actionpack (4.0.0) lib/action_dispatch/middleware/debug_exceptions.rb:17:in `call'
  actionpack (4.0.0) lib/action_dispatch/middleware/show_exceptions.rb:30:in `call'
  railties (4.0.0) lib/rails/rack/logger.rb:38:in `call_app'
  railties (4.0.0) lib/rails/rack/logger.rb:21:in `block in call'
  activesupport (4.0.0) lib/active_support/tagged_logging.rb:67:in `block in tagged'
  activesupport (4.0.0) lib/active_support/tagged_logging.rb:25:in `tagged'
  activesupport (4.0.0) lib/active_support/tagged_logging.rb:67:in `tagged'
  railties (4.0.0) lib/rails/rack/logger.rb:21:in `call'
  actionpack (4.0.0) lib/action_dispatch/middleware/request_id.rb:21:in `call'
  rack (1.5.2) lib/rack/methodoverride.rb:21:in `call'
  rack (1.5.2) lib/rack/runtime.rb:17:in `call'
  activesupport (4.0.0) lib/active_support/cache/strategy/local_cache.rb:83:in `call'
  rack (1.5.2) lib/rack/lock.rb:17:in `call'
  actionpack (4.0.0) lib/action_dispatch/middleware/static.rb:64:in `call'
  railties (4.0.0) lib/rails/engine.rb:511:in `call'
  railties (4.0.0) lib/rails/application.rb:97:in `call'
  rack (1.5.2) lib/rack/lock.rb:17:in `call'
  rack (1.5.2) lib/rack/content_length.rb:14:in `call'
  rack (1.5.2) lib/rack/handler/webrick.rb:60:in `service'
  /home/anirudh/.rvm/rubies/ruby-1.9.3-p448/lib/ruby/1.9.1/webrick/httpserver.rb:138:in `service'
  /home/anirudh/.rvm/rubies/ruby-1.9.3-p448/lib/ruby/1.9.1/webrick/httpserver.rb:94:in `run'
  /home/anirudh/.rvm/rubies/ruby-1.9.3-p448/lib/ruby/1.9.1/webrick/server.rb:191:in `block in start_thread'


  Rendered /home/anirudh/.rvm/gems/ruby-1.9.3-p448/gems/actionpack-4.0.0/lib/action_dispatch/middleware/templates/rescues/_trace.erb (1.4ms)
  Rendered /home/anirudh/.rvm/gems/ruby-1.9.3-p448/gems/actionpack-4.0.0/lib/action_dispatch/middleware/templates/routes/_route.html.erb (26.3ms)
  Rendered /home/anirudh/.rvm/gems/ruby-1.9.3-p448/gems/actionpack-4.0.0/lib/action_dispatch/middleware/templates/routes/_table.html.erb (1.1ms)
  Rendered /home/anirudh/.rvm/gems/ruby-1.9.3-p448/gems/actionpack-4.0.0/lib/action_dispatch/middleware/templates/rescues/routing_error.erb within rescues/layout (58.5ms)


Started GET "/" for 127.0.0.1 at 2013-10-10 11:01:28 +0530
Processing by PostsController#index as HTML
  [1m[35mPost Load (0.4ms)[0m  SELECT `posts`.* FROM `posts` ORDER BY votes DESC LIMIT 30
  Rendered posts/index.html.erb within layouts/application (5.3ms)
Completed 200 OK in 500ms (Views: 479.9ms | ActiveRecord: 1.7ms)


Started GET "/assets/application.css?body=1" for 127.0.0.1 at 2013-10-10 11:01:29 +0530


Started GET "/assets/posts.css?body=1" for 127.0.0.1 at 2013-10-10 11:01:29 +0530


Started GET "/assets/scaffolds.css?body=1" for 127.0.0.1 at 2013-10-10 11:01:29 +0530


Started GET "/assets/jquery.js?body=1" for 127.0.0.1 at 2013-10-10 11:01:29 +0530


Started GET "/assets/jquery_ujs.js?body=1" for 127.0.0.1 at 2013-10-10 11:01:29 +0530


Started GET "/assets/turbolinks.js?body=1" for 127.0.0.1 at 2013-10-10 11:01:29 +0530


Started GET "/assets/posts.js?body=1" for 127.0.0.1 at 2013-10-10 11:01:29 +0530


Started GET "/assets/application.js?body=1" for 127.0.0.1 at 2013-10-10 11:01:29 +0530


Started GET "/posts/new" for 127.0.0.1 at 2013-10-10 11:01:48 +0530
Processing by PostsController#new as HTML
Completed 401 Unauthorized in 19ms


Started GET "/users/sign_in" for 127.0.0.1 at 2013-10-10 11:01:48 +0530
Processing by Devise::SessionsController#new as HTML
  Rendered /home/anirudh/.rvm/gems/ruby-1.9.3-p448/gems/devise-3.1.0/app/views/devise/shared/_links.erb (1.6ms)
  Rendered /home/anirudh/.rvm/gems/ruby-1.9.3-p448/gems/devise-3.1.0/app/views/devise/sessions/new.html.erb within layouts/application (35.9ms)
Completed 200 OK in 89ms (Views: 40.9ms | ActiveRecord: 1.7ms)


Started GET "/" for 127.0.0.1 at 2013-10-10 11:02:27 +0530
Processing by PostsController#index as HTML
  [1m[36mPost Load (0.2ms)[0m  [1mSELECT `posts`.* FROM `posts` ORDER BY votes DESC LIMIT 30[0m
  Rendered posts/index.html.erb within layouts/application (3.3ms)
Completed 200 OK in 10ms (Views: 5.4ms | ActiveRecord: 1.8ms)


Started GET "/assets/application.css?body=1" for 127.0.0.1 at 2013-10-10 11:02:27 +0530


Started GET "/assets/posts.css?body=1" for 127.0.0.1 at 2013-10-10 11:02:27 +0530


Started GET "/assets/jquery.js?body=1" for 127.0.0.1 at 2013-10-10 11:02:27 +0530


Started GET "/assets/jquery_ujs.js?body=1" for 127.0.0.1 at 2013-10-10 11:02:27 +0530


Started GET "/assets/scaffolds.css?body=1" for 127.0.0.1 at 2013-10-10 11:02:27 +0530


Started GET "/assets/turbolinks.js?body=1" for 127.0.0.1 at 2013-10-10 11:02:27 +0530


Started GET "/assets/posts.js?body=1" for 127.0.0.1 at 2013-10-10 11:02:27 +0530


Started GET "/assets/application.js?body=1" for 127.0.0.1 at 2013-10-10 11:02:27 +0530


Started GET "/posts/new" for 127.0.0.1 at 2013-10-10 11:02:29 +0530
Processing by PostsController#new as HTML
Completed 401 Unauthorized in 4ms


Started GET "/users/sign_in" for 127.0.0.1 at 2013-10-10 11:02:29 +0530
Processing by Devise::SessionsController#new as HTML
  Rendered /home/anirudh/.rvm/gems/ruby-1.9.3-p448/gems/devise-3.1.0/app/views/devise/shared/_links.erb (0.4ms)
  Rendered /home/anirudh/.rvm/gems/ruby-1.9.3-p448/gems/devise-3.1.0/app/views/devise/sessions/new.html.erb within layouts/application (3.7ms)
Completed 200 OK in 58ms (Views: 8.4ms | ActiveRecord: 1.6ms)


Started GET "/users/sign_up" for 127.0.0.1 at 2013-10-10 11:02:36 +0530
Processing by Devise::RegistrationsController#new as HTML
  Rendered /home/anirudh/.rvm/gems/ruby-1.9.3-p448/gems/devise-3.1.0/app/views/devise/shared/_links.erb (0.3ms)
  Rendered /home/anirudh/.rvm/gems/ruby-1.9.3-p448/gems/devise-3.1.0/app/views/devise/registrations/new.html.erb within layouts/application (4.1ms)
Completed 200 OK in 13ms (Views: 9.9ms | ActiveRecord: 0.0ms)


Started POST "/users" for 127.0.0.1 at 2013-10-10 11:02:51 +0530
Processing by Devise::RegistrationsController#create as HTML
  Parameters: {"utf8"=>"✓", "authenticity_token"=>"3EWfRxQfWRRk7yhyD/51y1ARYFrFDSvWAiQsuTaEQqM=", "user"=>{"email"=>"anirudhg47@gmail.com", "password"=>"[FILTERED]", "password_confirmation"=>"[FILTERED]"}, "commit"=>"Sign up"}
  [1m[35m (0.2ms)[0m  BEGIN
  [1m[36mUser Exists (0.3ms)[0m  [1mSELECT 1 AS one FROM `users` WHERE `users`.`email` = BINARY 'anirudhg47@gmail.com' LIMIT 1[0m
  [1m[35m (0.2ms)[0m  ROLLBACK
  Rendered /home/anirudh/.rvm/gems/ruby-1.9.3-p448/gems/devise-3.1.0/app/views/devise/shared/_links.erb (0.2ms)
  Rendered /home/anirudh/.rvm/gems/ruby-1.9.3-p448/gems/devise-3.1.0/app/views/devise/registrations/new.html.erb within layouts/application (4.2ms)
Completed 200 OK in 133ms (Views: 8.4ms | ActiveRecord: 0.8ms)


Started GET "/assets/application.css?body=1" for 127.0.0.1 at 2013-10-10 11:02:52 +0530


Started GET "/assets/posts.css?body=1" for 127.0.0.1 at 2013-10-10 11:02:52 +0530


Started GET "/assets/scaffolds.css?body=1" for 127.0.0.1 at 2013-10-10 11:02:52 +0530


Started GET "/assets/jquery.js?body=1" for 127.0.0.1 at 2013-10-10 11:02:52 +0530


Started GET "/assets/turbolinks.js?body=1" for 127.0.0.1 at 2013-10-10 11:02:52 +0530


Started GET "/assets/jquery_ujs.js?body=1" for 127.0.0.1 at 2013-10-10 11:02:52 +0530


Started GET "/assets/posts.js?body=1" for 127.0.0.1 at 2013-10-10 11:02:52 +0530


Started GET "/assets/application.js?body=1" for 127.0.0.1 at 2013-10-10 11:02:52 +0530


Started POST "/users" for 127.0.0.1 at 2013-10-10 11:03:10 +0530
Processing by Devise::RegistrationsController#create as HTML
  Parameters: {"utf8"=>"✓", "authenticity_token"=>"3EWfRxQfWRRk7yhyD/51y1ARYFrFDSvWAiQsuTaEQqM=", "user"=>{"email"=>"anirudhg47@gmail.com", "password"=>"[FILTERED]", "password_confirmation"=>"[FILTERED]"}, "commit"=>"Sign up"}
  [1m[36m (0.2ms)[0m  [1mBEGIN[0m
  [1m[35mUser Exists (0.2ms)[0m  SELECT 1 AS one FROM `users` WHERE `users`.`email` = BINARY 'anirudhg47@gmail.com' LIMIT 1
  [1m[36mSQL (0.5ms)[0m  [1mINSERT INTO `users` (`created_at`, `email`, `encrypted_password`, `updated_at`) VALUES ('2013-10-10 05:33:11', 'anirudhg47@gmail.com', '$2a$10$KNF4KmTBjTpzJSck5mqFTeJGg4fllf9/xEe.Djm6rFsYggGO/Fvke', '2013-10-10 05:33:11')[0m
  [1m[35m (52.8ms)[0m  COMMIT
  [1m[36m (0.2ms)[0m  [1mBEGIN[0m
  [1m[35mSQL (0.5ms)[0m  UPDATE `users` SET `last_sign_in_at` = '2013-10-10 05:33:11', `current_sign_in_at` = '2013-10-10 05:33:11', `last_sign_in_ip` = '127.0.0.1', `current_sign_in_ip` = '127.0.0.1', `sign_in_count` = 1, `updated_at` = '2013-10-10 05:33:11' WHERE `users`.`id` = 1
  [1m[36m (61.9ms)[0m  [1mCOMMIT[0m
Redirected to http://0.0.0.0:3000/posts/new
Completed 302 Found in 228ms (ActiveRecord: 116.3ms)


Started GET "/posts/new" for 127.0.0.1 at 2013-10-10 11:03:11 +0530
Processing by PostsController#new as HTML
  [1m[35mUser Load (0.5ms)[0m  SELECT `users`.* FROM `users` WHERE `users`.`id` = 1 ORDER BY `users`.`id` ASC LIMIT 1
  Rendered posts/_form.html.erb (14.9ms)
  Rendered posts/new.html.erb within layouts/application (24.2ms)
Completed 200 OK in 60ms (Views: 50.4ms | ActiveRecord: 0.8ms)


Started GET "/assets/application.css?body=1" for 127.0.0.1 at 2013-10-10 11:03:11 +0530


Started GET "/assets/scaffolds.css?body=1" for 127.0.0.1 at 2013-10-10 11:03:11 +0530


Started GET "/assets/posts.css?body=1" for 127.0.0.1 at 2013-10-10 11:03:11 +0530


Started GET "/assets/jquery.js?body=1" for 127.0.0.1 at 2013-10-10 11:03:11 +0530


Started GET "/assets/jquery_ujs.js?body=1" for 127.0.0.1 at 2013-10-10 11:03:11 +0530


Started GET "/assets/turbolinks.js?body=1" for 127.0.0.1 at 2013-10-10 11:03:11 +0530


Started GET "/assets/posts.js?body=1" for 127.0.0.1 at 2013-10-10 11:03:11 +0530


Started GET "/assets/application.js?body=1" for 127.0.0.1 at 2013-10-10 11:03:11 +0530


Started POST "/posts" for 127.0.0.1 at 2013-10-10 11:03:34 +0530
Processing by PostsController#create as HTML
  Parameters: {"utf8"=>"✓", "authenticity_token"=>"3EWfRxQfWRRk7yhyD/51y1ARYFrFDSvWAiQsuTaEQqM=", "post"=>{"url"=>"google.co.in", "title"=>"Google"}, "commit"=>"Create Post"}
  [1m[36mUser Load (0.1ms)[0m  [1mSELECT `users`.* FROM `users` WHERE `users`.`id` = 1 ORDER BY `users`.`id` ASC LIMIT 1[0m
Completed 500 Internal Server Error in 11ms

ActiveModel::MissingAttributeError (can't write unknown attribute `user_id'):
  app/controllers/posts_controller.rb:36:in `create'


  Rendered /home/anirudh/.rvm/gems/ruby-1.9.3-p448/gems/actionpack-4.0.0/lib/action_dispatch/middleware/templates/rescues/_source.erb (0.6ms)
  Rendered /home/anirudh/.rvm/gems/ruby-1.9.3-p448/gems/actionpack-4.0.0/lib/action_dispatch/middleware/templates/rescues/_trace.erb (1.1ms)
  Rendered /home/anirudh/.rvm/gems/ruby-1.9.3-p448/gems/actionpack-4.0.0/lib/action_dispatch/middleware/templates/rescues/_request_and_response.erb (1.0ms)
  Rendered /home/anirudh/.rvm/gems/ruby-1.9.3-p448/gems/actionpack-4.0.0/lib/action_dispatch/middleware/templates/rescues/diagnostics.erb within rescues/layout (12.7ms)


Started GET "/posts" for 127.0.0.1 at 2013-10-10 11:06:37 +0530
Processing by PostsController#index as HTML
  [1m[35mPost Load (0.1ms)[0m  SELECT `posts`.* FROM `posts` ORDER BY votes DESC LIMIT 30
  Rendered posts/index.html.erb within layouts/application (2.5ms)
Completed 200 OK in 10ms (Views: 5.4ms | ActiveRecord: 1.3ms)


Started GET "/assets/application.css?body=1" for 127.0.0.1 at 2013-10-10 11:06:37 +0530


Started GET "/assets/scaffolds.css?body=1" for 127.0.0.1 at 2013-10-10 11:06:37 +0530


Started GET "/assets/jquery.js?body=1" for 127.0.0.1 at 2013-10-10 11:06:37 +0530


Started GET "/assets/posts.css?body=1" for 127.0.0.1 at 2013-10-10 11:06:37 +0530


Started GET "/assets/jquery_ujs.js?body=1" for 127.0.0.1 at 2013-10-10 11:06:37 +0530


Started GET "/assets/turbolinks.js?body=1" for 127.0.0.1 at 2013-10-10 11:06:37 +0530


Started GET "/assets/posts.js?body=1" for 127.0.0.1 at 2013-10-10 11:06:37 +0530


Started GET "/assets/application.js?body=1" for 127.0.0.1 at 2013-10-10 11:06:37 +0530


Started GET "/posts/new" for 127.0.0.1 at 2013-10-10 11:06:39 +0530
Processing by PostsController#new as HTML
  [1m[36mUser Load (0.2ms)[0m  [1mSELECT `users`.* FROM `users` WHERE `users`.`id` = 1 ORDER BY `users`.`id` ASC LIMIT 1[0m
  Rendered posts/_form.html.erb (13.6ms)
  Rendered posts/new.html.erb within layouts/application (14.8ms)
Completed 200 OK in 58ms (Views: 18.9ms | ActiveRecord: 2.3ms)


Started POST "/posts" for 127.0.0.1 at 2013-10-10 11:06:53 +0530
Processing by PostsController#create as HTML
  Parameters: {"utf8"=>"✓", "authenticity_token"=>"3EWfRxQfWRRk7yhyD/51y1ARYFrFDSvWAiQsuTaEQqM=", "post"=>{"url"=>"google.co.in", "title"=>"Google"}, "commit"=>"Create Post"}
  [1m[35mUser Load (0.1ms)[0m  SELECT `users`.* FROM `users` WHERE `users`.`id` = 1 ORDER BY `users`.`id` ASC LIMIT 1
Completed 500 Internal Server Error in 10ms

NameError (undefined local variable or method `current_user_id' for #<PostsController:0x007f95ac07aa00>):
  app/controllers/posts_controller.rb:36:in `create'


  Rendered /home/anirudh/.rvm/gems/ruby-1.9.3-p448/gems/actionpack-4.0.0/lib/action_dispatch/middleware/templates/rescues/_source.erb (0.7ms)
  Rendered /home/anirudh/.rvm/gems/ruby-1.9.3-p448/gems/actionpack-4.0.0/lib/action_dispatch/middleware/templates/rescues/_trace.erb (1.0ms)
  Rendered /home/anirudh/.rvm/gems/ruby-1.9.3-p448/gems/actionpack-4.0.0/lib/action_dispatch/middleware/templates/rescues/_request_and_response.erb (1.0ms)
  Rendered /home/anirudh/.rvm/gems/ruby-1.9.3-p448/gems/actionpack-4.0.0/lib/action_dispatch/middleware/templates/rescues/diagnostics.erb within rescues/layout (15.8ms)


Started GET "/posts" for 127.0.0.1 at 2013-10-10 11:09:10 +0530
Processing by PostsController#index as HTML
  [1m[36mPost Load (0.2ms)[0m  [1mSELECT `posts`.* FROM `posts` ORDER BY votes DESC LIMIT 30[0m
  Rendered posts/index.html.erb within layouts/application (2.6ms)
Completed 200 OK in 9ms (Views: 5.1ms | ActiveRecord: 1.4ms)


Started GET "/assets/application.css?body=1" for 127.0.0.1 at 2013-10-10 11:09:11 +0530


Started GET "/assets/scaffolds.css?body=1" for 127.0.0.1 at 2013-10-10 11:09:11 +0530


Started GET "/assets/posts.css?body=1" for 127.0.0.1 at 2013-10-10 11:09:11 +0530


Started GET "/assets/jquery.js?body=1" for 127.0.0.1 at 2013-10-10 11:09:11 +0530


Started GET "/assets/jquery_ujs.js?body=1" for 127.0.0.1 at 2013-10-10 11:09:11 +0530


Started GET "/assets/posts.js?body=1" for 127.0.0.1 at 2013-10-10 11:09:11 +0530


Started GET "/assets/turbolinks.js?body=1" for 127.0.0.1 at 2013-10-10 11:09:11 +0530


Started GET "/assets/application.js?body=1" for 127.0.0.1 at 2013-10-10 11:09:11 +0530


Started GET "/posts/new" for 127.0.0.1 at 2013-10-10 11:09:12 +0530
Processing by PostsController#new as HTML
  [1m[35mUser Load (0.1ms)[0m  SELECT `users`.* FROM `users` WHERE `users`.`id` = 1 ORDER BY `users`.`id` ASC LIMIT 1
  Rendered posts/_form.html.erb (35.8ms)
  Rendered posts/new.html.erb within layouts/application (36.5ms)
Completed 200 OK in 74ms (Views: 40.4ms | ActiveRecord: 2.2ms)


Started POST "/posts" for 127.0.0.1 at 2013-10-10 11:09:23 +0530
Processing by PostsController#create as HTML
  Parameters: {"utf8"=>"✓", "authenticity_token"=>"3EWfRxQfWRRk7yhyD/51y1ARYFrFDSvWAiQsuTaEQqM=", "post"=>{"url"=>"google.co.in", "title"=>"Google"}, "commit"=>"Create Post"}
  [1m[36mUser Load (0.2ms)[0m  [1mSELECT `users`.* FROM `users` WHERE `users`.`id` = 1 ORDER BY `users`.`id` ASC LIMIT 1[0m
Completed 500 Internal Server Error in 4ms

ActiveRecord::AssociationTypeMismatch (User(#70140407018280) expected, got Fixnum(#13604800)):
  app/controllers/posts_controller.rb:36:in `create'


  Rendered /home/anirudh/.rvm/gems/ruby-1.9.3-p448/gems/actionpack-4.0.0/lib/action_dispatch/middleware/templates/rescues/_source.erb (0.6ms)
  Rendered /home/anirudh/.rvm/gems/ruby-1.9.3-p448/gems/actionpack-4.0.0/lib/action_dispatch/middleware/templates/rescues/_trace.erb (1.0ms)
  Rendered /home/anirudh/.rvm/gems/ruby-1.9.3-p448/gems/actionpack-4.0.0/lib/action_dispatch/middleware/templates/rescues/_request_and_response.erb (1.5ms)
  Rendered /home/anirudh/.rvm/gems/ruby-1.9.3-p448/gems/actionpack-4.0.0/lib/action_dispatch/middleware/templates/rescues/diagnostics.erb within rescues/layout (13.6ms)


Started GET "/posts" for 127.0.0.1 at 2013-10-10 11:17:50 +0530
Processing by PostsController#index as HTML
  [1m[35mPost Load (0.1ms)[0m  SELECT `posts`.* FROM `posts` ORDER BY votes DESC LIMIT 30
  Rendered posts/index.html.erb within layouts/application (2.5ms)
Completed 200 OK in 10ms (Views: 5.3ms | ActiveRecord: 1.3ms)


Started GET "/assets/application.css?body=1" for 127.0.0.1 at 2013-10-10 11:17:50 +0530


Started GET "/assets/posts.css?body=1" for 127.0.0.1 at 2013-10-10 11:17:50 +0530


Started GET "/assets/turbolinks.js?body=1" for 127.0.0.1 at 2013-10-10 11:17:50 +0530


Started GET "/assets/posts.js?body=1" for 127.0.0.1 at 2013-10-10 11:17:50 +0530


Started GET "/assets/jquery_ujs.js?body=1" for 127.0.0.1 at 2013-10-10 11:17:50 +0530


Started GET "/assets/scaffolds.css?body=1" for 127.0.0.1 at 2013-10-10 11:17:50 +0530


Started GET "/assets/jquery.js?body=1" for 127.0.0.1 at 2013-10-10 11:17:50 +0530


Started GET "/assets/application.js?body=1" for 127.0.0.1 at 2013-10-10 11:17:50 +0530


Started GET "/posts/new" for 127.0.0.1 at 2013-10-10 11:17:53 +0530
Processing by PostsController#new as HTML
  [1m[36mUser Load (0.1ms)[0m  [1mSELECT `users`.* FROM `users` WHERE `users`.`id` = 1 ORDER BY `users`.`id` ASC LIMIT 1[0m
  Rendered posts/_form.html.erb (12.1ms)
  Rendered posts/new.html.erb within layouts/application (12.9ms)
Completed 200 OK in 73ms (Views: 16.7ms | ActiveRecord: 1.4ms)


Started GET "/posts/new" for 127.0.0.1 at 2013-10-10 11:17:57 +0530
Processing by PostsController#new as HTML
  [1m[35mUser Load (0.2ms)[0m  SELECT `users`.* FROM `users` WHERE `users`.`id` = 1 ORDER BY `users`.`id` ASC LIMIT 1
  Rendered posts/_form.html.erb (2.0ms)
  Rendered posts/new.html.erb within layouts/application (2.7ms)
Completed 200 OK in 8ms (Views: 6.4ms | ActiveRecord: 0.2ms)


Started POST "/posts" for 127.0.0.1 at 2013-10-10 11:18:21 +0530
Processing by PostsController#create as HTML
  Parameters: {"utf8"=>"✓", "authenticity_token"=>"3EWfRxQfWRRk7yhyD/51y1ARYFrFDSvWAiQsuTaEQqM=", "post"=>{"url"=>"http://google.co.in", "title"=>"Google"}, "commit"=>"Create Post"}
  [1m[36mUser Load (0.2ms)[0m  [1mSELECT `users`.* FROM `users` WHERE `users`.`id` = 1 ORDER BY `users`.`id` ASC LIMIT 1[0m
Completed 500 Internal Server Error in 4ms

ActiveRecord::AssociationTypeMismatch (User(#70140408994020) expected, got Fixnum(#13604800)):
  app/controllers/posts_controller.rb:36:in `create'


  Rendered /home/anirudh/.rvm/gems/ruby-1.9.3-p448/gems/actionpack-4.0.0/lib/action_dispatch/middleware/templates/rescues/_source.erb (0.6ms)
  Rendered /home/anirudh/.rvm/gems/ruby-1.9.3-p448/gems/actionpack-4.0.0/lib/action_dispatch/middleware/templates/rescues/_trace.erb (1.1ms)
  Rendered /home/anirudh/.rvm/gems/ruby-1.9.3-p448/gems/actionpack-4.0.0/lib/action_dispatch/middleware/templates/rescues/_request_and_response.erb (1.6ms)
  Rendered /home/anirudh/.rvm/gems/ruby-1.9.3-p448/gems/actionpack-4.0.0/lib/action_dispatch/middleware/templates/rescues/diagnostics.erb within rescues/layout (13.5ms)


Started GET "/" for 127.0.0.1 at 2013-10-10 11:20:17 +0530
Processing by PostsController#index as HTML
  [1m[35mPost Load (0.1ms)[0m  SELECT `posts`.* FROM `posts` ORDER BY votes DESC LIMIT 30
  Rendered posts/index.html.erb within layouts/application (2.5ms)
Completed 200 OK in 10ms (Views: 5.6ms | ActiveRecord: 1.3ms)


Started GET "/assets/application.css?body=1" for 127.0.0.1 at 2013-10-10 11:20:18 +0530


Started GET "/assets/jquery.js?body=1" for 127.0.0.1 at 2013-10-10 11:20:18 +0530


Started GET "/assets/scaffolds.css?body=1" for 127.0.0.1 at 2013-10-10 11:20:18 +0530


Started GET "/assets/posts.css?body=1" for 127.0.0.1 at 2013-10-10 11:20:18 +0530


Started GET "/assets/jquery_ujs.js?body=1" for 127.0.0.1 at 2013-10-10 11:20:18 +0530


Started GET "/assets/turbolinks.js?body=1" for 127.0.0.1 at 2013-10-10 11:20:18 +0530


Started GET "/assets/posts.js?body=1" for 127.0.0.1 at 2013-10-10 11:20:18 +0530


Started GET "/assets/application.js?body=1" for 127.0.0.1 at 2013-10-10 11:20:18 +0530


Started GET "/posts/new" for 127.0.0.1 at 2013-10-10 11:20:19 +0530
Processing by PostsController#new as HTML
  [1m[36mUser Load (0.1ms)[0m  [1mSELECT `users`.* FROM `users` WHERE `users`.`id` = 1 ORDER BY `users`.`id` ASC LIMIT 1[0m
  Rendered posts/_form.html.erb (12.0ms)
  Rendered posts/new.html.erb within layouts/application (12.9ms)
Completed 200 OK in 77ms (Views: 17.2ms | ActiveRecord: 2.1ms)


Started GET "/" for 127.0.0.1 at 2013-10-10 11:20:43 +0530
Processing by PostsController#index as HTML
  [1m[35mPost Load (0.4ms)[0m  SELECT `posts`.* FROM `posts` ORDER BY votes DESC LIMIT 30
  Rendered posts/index.html.erb within layouts/application (3.9ms)
Completed 200 OK in 13ms (Views: 9.0ms | ActiveRecord: 1.4ms)


Started GET "/assets/application.css?body=1" for 127.0.0.1 at 2013-10-10 11:20:43 +0530


Started GET "/assets/scaffolds.css?body=1" for 127.0.0.1 at 2013-10-10 11:20:43 +0530


Started GET "/assets/posts.css?body=1" for 127.0.0.1 at 2013-10-10 11:20:43 +0530


Started GET "/assets/jquery_ujs.js?body=1" for 127.0.0.1 at 2013-10-10 11:20:43 +0530


Started GET "/assets/jquery.js?body=1" for 127.0.0.1 at 2013-10-10 11:20:43 +0530


Started GET "/assets/turbolinks.js?body=1" for 127.0.0.1 at 2013-10-10 11:20:43 +0530


Started GET "/assets/posts.js?body=1" for 127.0.0.1 at 2013-10-10 11:20:43 +0530


Started GET "/assets/application.js?body=1" for 127.0.0.1 at 2013-10-10 11:20:43 +0530


Started GET "/posts/new" for 127.0.0.1 at 2013-10-10 11:20:45 +0530
Processing by PostsController#new as HTML
  [1m[36mUser Load (0.1ms)[0m  [1mSELECT `users`.* FROM `users` WHERE `users`.`id` = 1 ORDER BY `users`.`id` ASC LIMIT 1[0m
  Rendered posts/_form.html.erb (11.9ms)
  Rendered posts/new.html.erb within layouts/application (12.6ms)
Completed 200 OK in 69ms (Views: 16.4ms | ActiveRecord: 2.0ms)


Started GET "/" for 127.0.0.1 at 2013-10-10 11:21:27 +0530
Processing by PostsController#index as HTML
  [1m[35mPost Load (0.2ms)[0m  SELECT `posts`.* FROM `posts` ORDER BY votes DESC LIMIT 30
  Rendered posts/index.html.erb within layouts/application (1.6ms)
Completed 200 OK in 11ms (Views: 9.2ms | ActiveRecord: 0.2ms)


Started GET "/assets/application.css?body=1" for 127.0.0.1 at 2013-10-10 11:21:27 +0530


Started GET "/assets/posts.css?body=1" for 127.0.0.1 at 2013-10-10 11:21:27 +0530


Started GET "/assets/scaffolds.css?body=1" for 127.0.0.1 at 2013-10-10 11:21:27 +0530


Started GET "/assets/jquery.js?body=1" for 127.0.0.1 at 2013-10-10 11:21:27 +0530


Started GET "/assets/posts.js?body=1" for 127.0.0.1 at 2013-10-10 11:21:27 +0530


Started GET "/assets/turbolinks.js?body=1" for 127.0.0.1 at 2013-10-10 11:21:27 +0530


Started GET "/assets/application.js?body=1" for 127.0.0.1 at 2013-10-10 11:21:27 +0530


Started GET "/assets/jquery_ujs.js?body=1" for 127.0.0.1 at 2013-10-10 11:21:27 +0530


Started GET "/posts/new" for 127.0.0.1 at 2013-10-10 11:21:29 +0530
Processing by PostsController#new as HTML
  [1m[36mUser Load (0.3ms)[0m  [1mSELECT `users`.* FROM `users` WHERE `users`.`id` = 1 ORDER BY `users`.`id` ASC LIMIT 1[0m
  Rendered posts/_form.html.erb (4.3ms)
  Rendered posts/new.html.erb within layouts/application (5.7ms)
Completed 200 OK in 15ms (Views: 11.4ms | ActiveRecord: 0.3ms)


Started POST "/posts" for 127.0.0.1 at 2013-10-10 11:21:41 +0530
Processing by PostsController#create as HTML
  Parameters: {"utf8"=>"✓", "authenticity_token"=>"3EWfRxQfWRRk7yhyD/51y1ARYFrFDSvWAiQsuTaEQqM=", "post"=>{"url"=>"http://google.co.in", "title"=>"Google"}, "commit"=>"Create Post"}
  [1m[35mUser Load (0.2ms)[0m  SELECT `users`.* FROM `users` WHERE `users`.`id` = 1 ORDER BY `users`.`id` ASC LIMIT 1
Completed 500 Internal Server Error in 4ms

ActiveModel::MissingAttributeError (can't write unknown attribute `user_id'):
  app/controllers/posts_controller.rb:36:in `create'


  Rendered /home/anirudh/.rvm/gems/ruby-1.9.3-p448/gems/actionpack-4.0.0/lib/action_dispatch/middleware/templates/rescues/_source.erb (0.8ms)
  Rendered /home/anirudh/.rvm/gems/ruby-1.9.3-p448/gems/actionpack-4.0.0/lib/action_dispatch/middleware/templates/rescues/_trace.erb (1.1ms)
  Rendered /home/anirudh/.rvm/gems/ruby-1.9.3-p448/gems/actionpack-4.0.0/lib/action_dispatch/middleware/templates/rescues/_request_and_response.erb (1.1ms)
  Rendered /home/anirudh/.rvm/gems/ruby-1.9.3-p448/gems/actionpack-4.0.0/lib/action_dispatch/middleware/templates/rescues/diagnostics.erb within rescues/layout (13.7ms)


Started GET "/" for 127.0.0.1 at 2013-10-10 11:22:50 +0530
  [1m[36mActiveRecord::SchemaMigration Load (0.2ms)[0m  [1mSELECT `schema_migrations`.* FROM `schema_migrations`[0m
Processing by PostsController#index as HTML
  [1m[35mPost Load (0.2ms)[0m  SELECT `posts`.* FROM `posts` ORDER BY votes DESC LIMIT 30
  Rendered posts/index.html.erb within layouts/application (24.5ms)
Completed 200 OK in 103ms (Views: 78.1ms | ActiveRecord: 1.5ms)


Started GET "/assets/application.css?body=1" for 127.0.0.1 at 2013-10-10 11:22:51 +0530


Started GET "/assets/scaffolds.css?body=1" for 127.0.0.1 at 2013-10-10 11:22:51 +0530


Started GET "/assets/jquery.js?body=1" for 127.0.0.1 at 2013-10-10 11:22:51 +0530


Started GET "/assets/posts.css?body=1" for 127.0.0.1 at 2013-10-10 11:22:51 +0530


Started GET "/assets/jquery_ujs.js?body=1" for 127.0.0.1 at 2013-10-10 11:22:51 +0530


Started GET "/assets/turbolinks.js?body=1" for 127.0.0.1 at 2013-10-10 11:22:51 +0530


Started GET "/assets/posts.js?body=1" for 127.0.0.1 at 2013-10-10 11:22:51 +0530


Started GET "/assets/application.js?body=1" for 127.0.0.1 at 2013-10-10 11:22:51 +0530


Started GET "/posts/new" for 127.0.0.1 at 2013-10-10 11:22:53 +0530
Processing by PostsController#new as HTML
Completed 401 Unauthorized in 23ms


Started GET "/users/sign_in" for 127.0.0.1 at 2013-10-10 11:22:53 +0530
Processing by Devise::SessionsController#new as HTML
  Rendered /home/anirudh/.rvm/gems/ruby-1.9.3-p448/gems/devise-3.1.0/app/views/devise/shared/_links.erb (1.6ms)
  Rendered /home/anirudh/.rvm/gems/ruby-1.9.3-p448/gems/devise-3.1.0/app/views/devise/sessions/new.html.erb within layouts/application (40.1ms)
Completed 200 OK in 95ms (Views: 44.8ms | ActiveRecord: 1.1ms)
